<?xml version="1.0" encoding="UTF-8"?>
<!-- Generated by org.testng.reporters.JUnitReportReporter -->
<testsuite skipped="0" hostname="etglpt48" name="testcases.TC_simplePlan" tests="1" failures="0" timestamp="11 Nov 2019 07:51:49 GMT" time="4.230" errors="0">
  <testcase name="TC_02" time="4.230" classname="testcases.TC_simplePlan"/>
</testsuite> <!-- testcases.TC_simplePlan -->
