<?xml version="1.0" encoding="UTF-8"?>
<!-- Generated by org.testng.reporters.JUnitReportReporter -->
<testsuite skipped="0" hostname="etglpt48" name="testcases.simplePlan" tests="1" failures="0" timestamp="16 Oct 2019 13:58:25 GMT" time="0.762" errors="0">
  <testcase name="simpleplan" time="0.762" classname="testcases.simplePlan"/>
</testsuite> <!-- testcases.simplePlan -->
