<?xml version="1.0" encoding="UTF-8"?>
<!-- Generated by org.testng.reporters.JUnitReportReporter -->
<testsuite skipped="0" hostname="etglpt48" name="testcases.TC_accounting" tests="1" failures="0" timestamp="12 Nov 2019 01:32:54 GMT" time="41.166" errors="0">
  <testcase name="TC_03" time="41.166" classname="testcases.TC_accounting"/>
</testsuite> <!-- testcases.TC_accounting -->
