<?xml version="1.0" encoding="UTF-8"?>
<!-- Generated by org.testng.reporters.JUnitReportReporter -->
<testsuite skipped="0" hostname="etglpt48" name="testcases.TC_simplePlan" tests="1" failures="0" timestamp="31 Oct 2019 12:18:10 GMT" time="19.022" errors="0">
  <testcase name="TC_02" time="19.022" classname="testcases.TC_simplePlan"/>
</testsuite> <!-- testcases.TC_simplePlan -->
