<?xml version="1.0" encoding="UTF-8"?>
<!-- Generated by org.testng.reporters.JUnitReportReporter -->
<testsuite skipped="0" hostname="etglpt48" name="testcases.TC_accounting" tests="1" failures="0" timestamp="13 Nov 2019 10:06:53 GMT" time="0.776" errors="0">
  <testcase name="TC_03" time="0.776" classname="testcases.TC_accounting"/>
</testsuite> <!-- testcases.TC_accounting -->
